e:\code\qt\dustmonsyst\dustmonsyst\x64\debug\dustmonsyst.obj
e:\code\qt\dustmonsyst\dustmonsyst\x64\debug\qrc_dustmonsyst.obj
e:\code\qt\dustmonsyst\dustmonsyst\x64\debug\machdate.obj
e:\code\qt\dustmonsyst\dustmonsyst\x64\debug\moc_dustmonsyst.obj
e:\code\qt\dustmonsyst\dustmonsyst\x64\debug\main.obj
e:\code\qt\dustmonsyst\dustmonsyst\x64\debug\vc141.pdb
e:\code\qt\dustmonsyst\dustmonsyst\generatedfiles\ui_dustmonsyst.h
e:\code\qt\dustmonsyst\dustmonsyst\generatedfiles\qrc_dustmonsyst.cpp
e:\code\qt\dustmonsyst\dustmonsyst\generatedfiles\debug\moc_dustmonsyst.cpp
e:\code\qt\dustmonsyst\x64\debug\dustmonsyst.exe
e:\code\qt\dustmonsyst\x64\debug\dustmonsyst.ilk
e:\code\qt\dustmonsyst\x64\debug\dustmonsyst.pdb
e:\code\qt\dustmonsyst\dustmonsyst\.\generatedfiles\debug\moc_dustmonsyst.cpp
e:\code\qt\dustmonsyst\dustmonsyst\.\generatedfiles\qrc_dustmonsyst.cpp
e:\code\qt\dustmonsyst\dustmonsyst\.\generatedfiles\ui_dustmonsyst.h
e:\code\qt\dustmonsyst\dustmonsyst\x64\debug\dustmonsyst.tlog\cl.command.1.tlog
e:\code\qt\dustmonsyst\dustmonsyst\x64\debug\dustmonsyst.tlog\cl.read.1.tlog
e:\code\qt\dustmonsyst\dustmonsyst\x64\debug\dustmonsyst.tlog\cl.write.1.tlog
e:\code\qt\dustmonsyst\dustmonsyst\x64\debug\dustmonsyst.tlog\dustmonsyst.write.1u.tlog
e:\code\qt\dustmonsyst\dustmonsyst\x64\debug\dustmonsyst.tlog\link.command.1.tlog
e:\code\qt\dustmonsyst\dustmonsyst\x64\debug\dustmonsyst.tlog\link.read.1.tlog
e:\code\qt\dustmonsyst\dustmonsyst\x64\debug\dustmonsyst.tlog\link.write.1.tlog
e:\code\qt\dustmonsyst\dustmonsyst\x64\debug\dustmonsyst.tlog\moc.read.1u.tlog
e:\code\qt\dustmonsyst\dustmonsyst\x64\debug\dustmonsyst.tlog\moc.write.1u.tlog
e:\code\qt\dustmonsyst\dustmonsyst\x64\debug\dustmonsyst.tlog\rcc.read.1u.tlog
e:\code\qt\dustmonsyst\dustmonsyst\x64\debug\dustmonsyst.tlog\rcc.write.1u.tlog
e:\code\qt\dustmonsyst\dustmonsyst\x64\debug\dustmonsyst.tlog\uic.read.1u.tlog
e:\code\qt\dustmonsyst\dustmonsyst\x64\debug\dustmonsyst.tlog\uic.write.1u.tlog
